android/app/build/intermediates/manifest_merge_blame_file/debug/manifest-merger-blame-debug-report.txt
1<?xml version="1.0" encoding="utf-8"?>
2<manifest xmlns:android="http://schemas.android.com/apk/res/android"
3    package="io.ionic.starter"
4    android:versionCode="1"
5    android:versionName="1.0" >
6
7    <uses-sdk
8        android:minSdkVersion="21"
8-->src/main/AndroidManifest.xml
9        android:targetSdkVersion="29" />
9-->src/main/AndroidManifest.xml
10
11    <!-- Permissions -->
12
13    <uses-permission android:name="android.permission.INTERNET" />
13-->src/main/AndroidManifest.xml:48:5-67
13-->src/main/AndroidManifest.xml:48:22-64
14    <!-- Camera, Photos, input file -->
15    <uses-permission android:name="android.permission.READ_EXTERNAL_STORAGE" />
15-->src/main/AndroidManifest.xml:50:5-79
15-->src/main/AndroidManifest.xml:50:22-77
16    <uses-permission android:name="android.permission.WRITE_EXTERNAL_STORAGE" />
16-->src/main/AndroidManifest.xml:51:5-81
16-->src/main/AndroidManifest.xml:51:22-78
17    <!-- Geolocation API -->
18    <uses-permission android:name="android.permission.ACCESS_COARSE_LOCATION" />
18-->src/main/AndroidManifest.xml:53:5-81
18-->src/main/AndroidManifest.xml:53:22-78
19    <uses-permission android:name="android.permission.ACCESS_FINE_LOCATION" />
19-->src/main/AndroidManifest.xml:54:5-79
19-->src/main/AndroidManifest.xml:54:22-76
20
21    <uses-feature android:name="android.hardware.location.gps" />
21-->src/main/AndroidManifest.xml:55:5-66
21-->src/main/AndroidManifest.xml:55:19-63
22    <!-- Network API -->
23    <uses-permission android:name="android.permission.ACCESS_NETWORK_STATE" />
23-->src/main/AndroidManifest.xml:57:5-79
23-->src/main/AndroidManifest.xml:57:22-76
24    <!-- Navigator.getUserMedia -->
25    <!-- Video -->
26    <uses-permission android:name="android.permission.CAMERA" />
26-->src/main/AndroidManifest.xml:60:5-65
26-->src/main/AndroidManifest.xml:60:22-62
27    <!-- Audio -->
28    <uses-permission android:name="android.permission.RECORD_AUDIO" />
28-->src/main/AndroidManifest.xml:62:5-71
28-->src/main/AndroidManifest.xml:62:22-68
29    <uses-permission android:name="android.permission.MODIFY_AUDIO_SETTINGS" />
29-->src/main/AndroidManifest.xml:63:5-79
29-->src/main/AndroidManifest.xml:63:22-77
30
31    <uses-feature
31-->[:capacitor-android] AndroidManifest.xml:11:5-13:36
32        android:name="android.hardware.camera"
32-->[:capacitor-android] AndroidManifest.xml:12:9-47
33        android:required="false" />
33-->[:capacitor-android] AndroidManifest.xml:13:9-33
34
35    <uses-permission android:name="android.permission.RECEIVE_BOOT_COMPLETED" />
35-->[:capacitor-android] AndroidManifest.xml:15:5-81
35-->[:capacitor-android] AndroidManifest.xml:15:22-78
36    <uses-permission android:name="android.permission.WAKE_LOCK" /> <!-- Required by older versions of Google Play services to create IID tokens -->
36-->[:capacitor-android] AndroidManifest.xml:16:5-68
36-->[:capacitor-android] AndroidManifest.xml:16:22-65
37    <uses-permission android:name="com.google.android.c2dm.permission.RECEIVE" />
37-->[com.google.firebase:firebase-iid:20.1.1] AndroidManifest.xml:26:5-82
37-->[com.google.firebase:firebase-iid:20.1.1] AndroidManifest.xml:26:22-79
38
39    <application
39-->src/main/AndroidManifest.xml:5:5-44:19
40        android:allowBackup="true"
40-->src/main/AndroidManifest.xml:6:9-35
41        android:appComponentFactory="androidx.core.app.CoreComponentFactory"
41-->[androidx.core:core:1.2.0] AndroidManifest.xml:24:18-86
42        android:debuggable="true"
43        android:icon="@mipmap/ic_launcher"
43-->src/main/AndroidManifest.xml:7:9-43
44        android:label="@string/app_name"
44-->src/main/AndroidManifest.xml:8:9-41
45        android:roundIcon="@mipmap/ic_launcher_round"
45-->src/main/AndroidManifest.xml:9:9-54
46        android:supportsRtl="true"
46-->src/main/AndroidManifest.xml:10:9-35
47        android:theme="@style/AppTheme"
47-->src/main/AndroidManifest.xml:12:9-40
48        android:usesCleartextTraffic="true" >
48-->src/main/AndroidManifest.xml:11:9-44
49        <activity
49-->src/main/AndroidManifest.xml:14:9-33:20
50            android:name="io.ionic.starter.MainActivity"
50-->src/main/AndroidManifest.xml:16:13-57
51            android:configChanges="orientation|keyboardHidden|keyboard|screenSize|locale|smallestScreenSize|screenLayout|uiMode"
51-->src/main/AndroidManifest.xml:15:13-129
52            android:label="@string/title_activity_main"
52-->src/main/AndroidManifest.xml:17:13-56
53            android:launchMode="singleTask"
53-->src/main/AndroidManifest.xml:19:13-44
54            android:theme="@style/AppTheme.NoActionBarLaunch" >
54-->src/main/AndroidManifest.xml:18:13-62
55            <intent-filter>
55-->src/main/AndroidManifest.xml:21:13-24:29
56                <action android:name="android.intent.action.MAIN" />
56-->src/main/AndroidManifest.xml:22:17-69
56-->src/main/AndroidManifest.xml:22:25-66
57
58                <category android:name="android.intent.category.LAUNCHER" />
58-->src/main/AndroidManifest.xml:23:17-77
58-->src/main/AndroidManifest.xml:23:27-74
59            </intent-filter>
60            <intent-filter>
60-->src/main/AndroidManifest.xml:26:13-31:29
61                <action android:name="android.intent.action.VIEW" />
61-->src/main/AndroidManifest.xml:27:17-69
61-->src/main/AndroidManifest.xml:27:25-66
62
63                <category android:name="android.intent.category.DEFAULT" />
63-->src/main/AndroidManifest.xml:28:17-76
63-->src/main/AndroidManifest.xml:28:27-73
64                <category android:name="android.intent.category.BROWSABLE" />
64-->src/main/AndroidManifest.xml:29:17-78
64-->src/main/AndroidManifest.xml:29:27-75
65
66                <data android:scheme="@string/custom_url_scheme" />
66-->src/main/AndroidManifest.xml:30:17-68
66-->src/main/AndroidManifest.xml:30:23-65
67            </intent-filter>
68        </activity>
69
70        <provider
71            android:name="androidx.core.content.FileProvider"
71-->src/main/AndroidManifest.xml:36:13-62
72            android:authorities="io.ionic.starter.fileprovider"
72-->src/main/AndroidManifest.xml:37:13-64
73            android:exported="false"
73-->src/main/AndroidManifest.xml:38:13-37
74            android:grantUriPermissions="true" >
74-->src/main/AndroidManifest.xml:39:13-47
75            <meta-data
75-->src/main/AndroidManifest.xml:40:13-42:64
76                android:name="android.support.FILE_PROVIDER_PATHS"
76-->src/main/AndroidManifest.xml:41:17-67
77                android:resource="@xml/file_paths" />
77-->src/main/AndroidManifest.xml:42:17-51
78        </provider>
79
80        <activity
80-->[:capacitor-cordova-android-plugins] AndroidManifest.xml:17:9-19:80
81            android:name="com.sarriaroman.PhotoViewer.PhotoActivity"
81-->[:capacitor-cordova-android-plugins] AndroidManifest.xml:18:13-69
82            android:theme="@android:style/Theme.Holo.NoActionBar.Fullscreen" />
82-->[:capacitor-cordova-android-plugins] AndroidManifest.xml:19:13-77
83
84        <provider
84-->[com.squareup.picasso:picasso:2.71828] AndroidManifest.xml:8:9-11:40
85            android:name="com.squareup.picasso.PicassoProvider"
85-->[com.squareup.picasso:picasso:2.71828] AndroidManifest.xml:9:13-64
86            android:authorities="io.ionic.starter.com.squareup.picasso"
86-->[com.squareup.picasso:picasso:2.71828] AndroidManifest.xml:10:13-72
87            android:exported="false" />
87-->[com.squareup.picasso:picasso:2.71828] AndroidManifest.xml:11:13-37
88
89        <service
89-->[:capacitor-android] AndroidManifest.xml:19:9-21:40
90            android:name="com.getcapacitor.plugin.background.BackgroundTaskService"
90-->[:capacitor-android] AndroidManifest.xml:20:13-84
91            android:exported="false" />
91-->[:capacitor-android] AndroidManifest.xml:21:13-37
92
93        <receiver android:name="com.getcapacitor.plugin.notification.TimedNotificationPublisher" />
93-->[:capacitor-android] AndroidManifest.xml:23:9-100
93-->[:capacitor-android] AndroidManifest.xml:23:19-97
94        <receiver android:name="com.getcapacitor.plugin.notification.NotificationDismissReceiver" />
94-->[:capacitor-android] AndroidManifest.xml:24:9-101
94-->[:capacitor-android] AndroidManifest.xml:24:19-98
95
96        <meta-data
96-->[:capacitor-android] AndroidManifest.xml:26:9-28:37
97            android:name="firebase_messaging_auto_init_enabled"
97-->[:capacitor-android] AndroidManifest.xml:27:13-64
98            android:value="false" />
98-->[:capacitor-android] AndroidManifest.xml:28:13-34
99
100        <service
100-->[:capacitor-android] AndroidManifest.xml:30:9-36:19
101            android:name="com.getcapacitor.CapacitorFirebaseMessagingService"
101-->[:capacitor-android] AndroidManifest.xml:31:13-78
102            android:stopWithTask="false" >
102-->[:capacitor-android] AndroidManifest.xml:32:13-41
103            <intent-filter>
103-->[:capacitor-android] AndroidManifest.xml:33:13-35:29
104                <action android:name="com.google.firebase.MESSAGING_EVENT" />
104-->[:capacitor-android] AndroidManifest.xml:34:17-78
104-->[:capacitor-android] AndroidManifest.xml:34:25-75
105            </intent-filter>
106        </service>
107
108        <receiver
108-->[:capacitor-android] AndroidManifest.xml:38:9-47:20
109            android:name="com.getcapacitor.plugin.notification.LocalNotificationRestoreReceiver"
109-->[:capacitor-android] AndroidManifest.xml:39:13-97
110            android:directBootAware="true"
110-->[:capacitor-android] AndroidManifest.xml:40:13-43
111            android:exported="false" >
111-->[:capacitor-android] AndroidManifest.xml:41:13-37
112            <intent-filter>
112-->[:capacitor-android] AndroidManifest.xml:42:13-46:29
113                <action android:name="android.intent.action.LOCKED_BOOT_COMPLETED" />
113-->[:capacitor-android] AndroidManifest.xml:43:17-86
113-->[:capacitor-android] AndroidManifest.xml:43:25-83
114                <action android:name="android.intent.action.BOOT_COMPLETED" />
114-->[:capacitor-android] AndroidManifest.xml:44:17-79
114-->[:capacitor-android] AndroidManifest.xml:44:25-76
115                <action android:name="android.intent.action.QUICKBOOT_POWERON" />
115-->[:capacitor-android] AndroidManifest.xml:45:17-82
115-->[:capacitor-android] AndroidManifest.xml:45:25-79
116            </intent-filter>
117        </receiver>
118        <!--
119             FirebaseMessagingService performs security checks at runtime,
120             but set to not exported to explicitly avoid allowing another app to call it.
121        -->
122        <service
122-->[com.google.firebase:firebase-messaging:20.1.2] AndroidManifest.xml:28:9-34:19
123            android:name="com.google.firebase.messaging.FirebaseMessagingService"
123-->[com.google.firebase:firebase-messaging:20.1.2] AndroidManifest.xml:29:13-82
124            android:exported="false" >
124-->[com.google.firebase:firebase-messaging:20.1.2] AndroidManifest.xml:30:13-37
125            <intent-filter android:priority="-500" >
125-->[:capacitor-android] AndroidManifest.xml:33:13-35:29
126                <action android:name="com.google.firebase.MESSAGING_EVENT" />
126-->[:capacitor-android] AndroidManifest.xml:34:17-78
126-->[:capacitor-android] AndroidManifest.xml:34:25-75
127            </intent-filter>
128        </service>
129        <service
129-->[com.google.firebase:firebase-messaging:20.1.2] AndroidManifest.xml:35:9-41:19
130            android:name="com.google.firebase.components.ComponentDiscoveryService"
130-->[com.google.firebase:firebase-messaging:20.1.2] AndroidManifest.xml:36:13-84
131            android:directBootAware="true"
131-->[com.google.firebase:firebase-common:19.3.0] AndroidManifest.xml:34:13-43
132            android:exported="false" >
132-->[com.google.firebase:firebase-messaging:20.1.2] AndroidManifest.xml:37:13-37
133            <meta-data
133-->[com.google.firebase:firebase-messaging:20.1.2] AndroidManifest.xml:38:13-40:85
134                android:name="com.google.firebase.components:com.google.firebase.messaging.FirebaseMessagingRegistrar"
134-->[com.google.firebase:firebase-messaging:20.1.2] AndroidManifest.xml:39:17-119
135                android:value="com.google.firebase.components.ComponentRegistrar" />
135-->[com.google.firebase:firebase-messaging:20.1.2] AndroidManifest.xml:40:17-82
136            <meta-data
136-->[com.google.firebase:firebase-datatransport:17.0.3] AndroidManifest.xml:28:13-30:85
137                android:name="com.google.firebase.components:com.google.firebase.datatransport.TransportRegistrar"
137-->[com.google.firebase:firebase-datatransport:17.0.3] AndroidManifest.xml:29:17-115
138                android:value="com.google.firebase.components.ComponentRegistrar" />
138-->[com.google.firebase:firebase-datatransport:17.0.3] AndroidManifest.xml:30:17-82
139            <meta-data
139-->[com.google.firebase:firebase-iid:20.1.1] AndroidManifest.xml:32:13-34:85
140                android:name="com.google.firebase.components:com.google.firebase.iid.Registrar"
140-->[com.google.firebase:firebase-iid:20.1.1] AndroidManifest.xml:33:17-96
141                android:value="com.google.firebase.components.ComponentRegistrar" />
141-->[com.google.firebase:firebase-iid:20.1.1] AndroidManifest.xml:34:17-82
142            <meta-data
142-->[com.google.firebase:firebase-installations:16.0.0] AndroidManifest.xml:17:13-19:85
143                android:name="com.google.firebase.components:com.google.firebase.installations.FirebaseInstallationsRegistrar"
143-->[com.google.firebase:firebase-installations:16.0.0] AndroidManifest.xml:18:17-127
144                android:value="com.google.firebase.components.ComponentRegistrar" />
144-->[com.google.firebase:firebase-installations:16.0.0] AndroidManifest.xml:19:17-82
145        </service>
146
147        <receiver
147-->[com.google.firebase:firebase-iid:20.1.1] AndroidManifest.xml:37:9-44:20
148            android:name="com.google.firebase.iid.FirebaseInstanceIdReceiver"
148-->[com.google.firebase:firebase-iid:20.1.1] AndroidManifest.xml:38:13-78
149            android:exported="true"
149-->[com.google.firebase:firebase-iid:20.1.1] AndroidManifest.xml:39:13-36
150            android:permission="com.google.android.c2dm.permission.SEND" >
150-->[com.google.firebase:firebase-iid:20.1.1] AndroidManifest.xml:40:13-73
151            <intent-filter>
151-->[com.google.firebase:firebase-iid:20.1.1] AndroidManifest.xml:41:13-43:29
152                <action android:name="com.google.android.c2dm.intent.RECEIVE" />
152-->[com.google.firebase:firebase-iid:20.1.1] AndroidManifest.xml:42:17-81
152-->[com.google.firebase:firebase-iid:20.1.1] AndroidManifest.xml:42:25-78
153            </intent-filter>
154        </receiver>
155
156        <provider
156-->[com.google.firebase:firebase-common:19.3.0] AndroidManifest.xml:26:9-30:39
157            android:name="com.google.firebase.provider.FirebaseInitProvider"
157-->[com.google.firebase:firebase-common:19.3.0] AndroidManifest.xml:27:13-77
158            android:authorities="io.ionic.starter.firebaseinitprovider"
158-->[com.google.firebase:firebase-common:19.3.0] AndroidManifest.xml:28:13-72
159            android:exported="false"
159-->[com.google.firebase:firebase-common:19.3.0] AndroidManifest.xml:29:13-37
160            android:initOrder="100" />
160-->[com.google.firebase:firebase-common:19.3.0] AndroidManifest.xml:30:13-36
161
162        <activity
162-->[com.google.android.gms:play-services-base:17.0.0] AndroidManifest.xml:23:9-26:75
163            android:name="com.google.android.gms.common.api.GoogleApiActivity"
163-->[com.google.android.gms:play-services-base:17.0.0] AndroidManifest.xml:24:13-79
164            android:exported="false"
164-->[com.google.android.gms:play-services-base:17.0.0] AndroidManifest.xml:25:13-37
165            android:theme="@android:style/Theme.Translucent.NoTitleBar" />
165-->[com.google.android.gms:play-services-base:17.0.0] AndroidManifest.xml:26:13-72
166
167        <meta-data
167-->[com.google.android.gms:play-services-basement:17.0.0] AndroidManifest.xml:23:9-25:69
168            android:name="com.google.android.gms.version"
168-->[com.google.android.gms:play-services-basement:17.0.0] AndroidManifest.xml:24:13-58
169            android:value="@integer/google_play_services_version" />
169-->[com.google.android.gms:play-services-basement:17.0.0] AndroidManifest.xml:25:13-66
170
171        <service
171-->[com.google.android.datatransport:transport-backend-cct:2.2.0] AndroidManifest.xml:29:9-35:19
172            android:name="com.google.android.datatransport.runtime.backends.TransportBackendDiscovery"
172-->[com.google.android.datatransport:transport-backend-cct:2.2.0] AndroidManifest.xml:30:13-103
173            android:exported="false" >
173-->[com.google.android.datatransport:transport-backend-cct:2.2.0] AndroidManifest.xml:31:13-37
174            <meta-data
174-->[com.google.android.datatransport:transport-backend-cct:2.2.0] AndroidManifest.xml:32:13-34:39
175                android:name="backend:com.google.android.datatransport.cct.CctBackendFactory"
175-->[com.google.android.datatransport:transport-backend-cct:2.2.0] AndroidManifest.xml:33:17-94
176                android:value="cct" />
176-->[com.google.android.datatransport:transport-backend-cct:2.2.0] AndroidManifest.xml:34:17-36
177        </service>
178        <service
178-->[com.google.android.datatransport:transport-runtime:2.2.0] AndroidManifest.xml:26:9-30:19
179            android:name="com.google.android.datatransport.runtime.scheduling.jobscheduling.JobInfoSchedulerService"
179-->[com.google.android.datatransport:transport-runtime:2.2.0] AndroidManifest.xml:27:13-117
180            android:exported="false"
180-->[com.google.android.datatransport:transport-runtime:2.2.0] AndroidManifest.xml:28:13-37
181            android:permission="android.permission.BIND_JOB_SERVICE" >
181-->[com.google.android.datatransport:transport-runtime:2.2.0] AndroidManifest.xml:29:13-69
182        </service>
183
184        <receiver
184-->[com.google.android.datatransport:transport-runtime:2.2.0] AndroidManifest.xml:32:9-34:40
185            android:name="com.google.android.datatransport.runtime.scheduling.jobscheduling.AlarmManagerSchedulerBroadcastReceiver"
185-->[com.google.android.datatransport:transport-runtime:2.2.0] AndroidManifest.xml:33:13-132
186            android:exported="false" />
186-->[com.google.android.datatransport:transport-runtime:2.2.0] AndroidManifest.xml:34:13-37
187    </application>
188
189</manifest>